<?xml version="1.0" encoding="UTF-8"?>
<coverage generated="1748465902602" clover="3.2.0">
  <project timestamp="1748465902603" name="All files">
    <metrics statements="40" coveredstatements="40" conditionals="14" coveredconditionals="9" methods="17" coveredmethods="17" elements="71" coveredelements="66" complexity="0" loc="40" ncloc="40" packages="1" files="2" classes="2"/>
    <file name="clientes.js" path="C:\Users\rezen\Downloads\Come-Mais-\clientes.js">
      <metrics statements="22" coveredstatements="22" conditionals="8" coveredconditionals="5" methods="8" coveredmethods="8"/>
      <line num="3" count="1" type="stmt"/>
      <line num="5" count="1" type="stmt"/>
      <line num="6" count="1" type="stmt"/>
      <line num="9" count="11" type="stmt"/>
      <line num="13" count="2" type="stmt"/>
      <line num="17" count="5" type="stmt"/>
      <line num="18" count="5" type="cond" truecount="2" falsecount="0"/>
      <line num="20" count="4" type="stmt"/>
      <line num="21" count="4" type="stmt"/>
      <line num="22" count="4" type="stmt"/>
      <line num="26" count="1" type="stmt"/>
      <line num="27" count="1" type="cond" truecount="1" falsecount="1"/>
      <line num="29" count="1" type="stmt"/>
      <line num="30" count="1" type="cond" truecount="1" falsecount="1"/>
      <line num="32" count="1" type="stmt"/>
      <line num="33" count="1" type="stmt"/>
      <line num="34" count="1" type="stmt"/>
      <line num="38" count="4" type="stmt"/>
      <line num="39" count="4" type="cond" truecount="1" falsecount="1"/>
      <line num="40" count="4" type="stmt"/>
      <line num="41" count="4" type="stmt"/>
      <line num="44" count="1" type="stmt"/>
    </file>
    <file name="lanches.js" path="C:\Users\rezen\Downloads\Come-Mais-\lanches.js">
      <metrics statements="18" coveredstatements="18" conditionals="6" coveredconditionals="4" methods="9" coveredmethods="9"/>
      <line num="1" count="2" type="stmt"/>
      <line num="9" count="2" type="stmt"/>
      <line num="12" count="1" type="stmt"/>
      <line num="16" count="3" type="stmt"/>
      <line num="17" count="3" type="stmt"/>
      <line num="18" count="3" type="stmt"/>
      <line num="22" count="8" type="stmt"/>
      <line num="23" count="1" type="cond" truecount="1" falsecount="1"/>
      <line num="24" count="1" type="stmt"/>
      <line num="25" count="1" type="stmt"/>
      <line num="29" count="9" type="stmt"/>
      <line num="30" count="1" type="cond" truecount="1" falsecount="1"/>
      <line num="31" count="1" type="stmt"/>
      <line num="32" count="1" type="stmt"/>
      <line num="36" count="36" type="stmt"/>
      <line num="37" count="7" type="stmt"/>
      <line num="38" count="6" type="cond" truecount="2" falsecount="0"/>
      <line num="41" count="2" type="stmt"/>
    </file>
  </project>
</coverage>
