{"C:\\Users\\rezen\\Downloads\\Come-Mais-\\clientes.js": {"path":"C:\\Users\\rezen\\Downloads\\Come-Mais-\\clientes.js","statementMap":{"0":{"start":{"line":1,"column":16},"end":{"line":1,"column":36}},"1":{"start":{"line":3,"column":0},"end":{"line":50,"column":5}},"2":{"start":{"line":4,"column":17},"end":{"line":4,"column":19}},"3":{"start":{"line":5,"column":18},"end":{"line":5,"column":19}},"4":{"start":{"line":8,"column":4},"end":{"line":8,"column":20}},"5":{"start":{"line":12,"column":4},"end":{"line":12,"column":45}},"6":{"start":{"line":12,"column":32},"end":{"line":12,"column":43}},"7":{"start":{"line":16,"column":22},"end":{"line":16,"column":77}},"8":{"start":{"line":17,"column":4},"end":{"line":17,"column":55}},"9":{"start":{"line":17,"column":28},"end":{"line":17,"column":55}},"10":{"start":{"line":19,"column":17},"end":{"line":19,"column":72}},"11":{"start":{"line":20,"column":4},"end":{"line":20,"column":24}},"12":{"start":{"line":21,"column":4},"end":{"line":21,"column":16}},"13":{"start":{"line":25,"column":20},"end":{"line":25,"column":53}},"14":{"start":{"line":25,"column":41},"end":{"line":25,"column":52}},"15":{"start":{"line":26,"column":4},"end":{"line":26,"column":30}},"16":{"start":{"line":26,"column":18},"end":{"line":26,"column":30}},"17":{"start":{"line":28,"column":22},"end":{"line":28,"column":77}},"18":{"start":{"line":29,"column":4},"end":{"line":29,"column":55}},"19":{"start":{"line":29,"column":28},"end":{"line":29,"column":55}},"20":{"start":{"line":31,"column":4},"end":{"line":31,"column":24}},"21":{"start":{"line":32,"column":4},"end":{"line":32,"column":42}},"22":{"start":{"line":33,"column":4},"end":{"line":33,"column":19}},"23":{"start":{"line":37,"column":18},"end":{"line":37,"column":56}},"24":{"start":{"line":37,"column":44},"end":{"line":37,"column":55}},"25":{"start":{"line":38,"column":4},"end":{"line":38,"column":35}},"26":{"start":{"line":38,"column":22},"end":{"line":38,"column":35}},"27":{"start":{"line":39,"column":4},"end":{"line":39,"column":30}},"28":{"start":{"line":40,"column":4},"end":{"line":40,"column":16}},"29":{"start":{"line":43,"column":2},"end":{"line":49,"column":4}}},"fnMap":{"0":{"name":"(anonymous_0)","decl":{"start":{"line":3,"column":18},"end":{"line":3,"column":19}},"loc":{"start":{"line":3,"column":24},"end":{"line":50,"column":1}},"line":3},"1":{"name":"listarClientes","decl":{"start":{"line":7,"column":11},"end":{"line":7,"column":25}},"loc":{"start":{"line":7,"column":28},"end":{"line":9,"column":3}},"line":7},"2":{"name":"buscarClientePorId","decl":{"start":{"line":11,"column":11},"end":{"line":11,"column":29}},"loc":{"start":{"line":11,"column":34},"end":{"line":13,"column":3}},"line":11},"3":{"name":"(anonymous_3)","decl":{"start":{"line":12,"column":25},"end":{"line":12,"column":26}},"loc":{"start":{"line":12,"column":32},"end":{"line":12,"column":43}},"line":12},"4":{"name":"adicionarCliente","decl":{"start":{"line":15,"column":11},"end":{"line":15,"column":27}},"loc":{"start":{"line":15,"column":55},"end":{"line":22,"column":3}},"line":15},"5":{"name":"atualizarCliente","decl":{"start":{"line":24,"column":11},"end":{"line":24,"column":27}},"loc":{"start":{"line":24,"column":59},"end":{"line":34,"column":3}},"line":24},"6":{"name":"(anonymous_6)","decl":{"start":{"line":25,"column":34},"end":{"line":25,"column":35}},"loc":{"start":{"line":25,"column":41},"end":{"line":25,"column":52}},"line":25},"7":{"name":"removerCliente","decl":{"start":{"line":36,"column":11},"end":{"line":36,"column":25}},"loc":{"start":{"line":36,"column":30},"end":{"line":41,"column":3}},"line":36},"8":{"name":"(anonymous_8)","decl":{"start":{"line":37,"column":37},"end":{"line":37,"column":38}},"loc":{"start":{"line":37,"column":44},"end":{"line":37,"column":55}},"line":37}},"branchMap":{"0":{"loc":{"start":{"line":17,"column":4},"end":{"line":17,"column":55}},"type":"if","locations":[{"start":{"line":17,"column":4},"end":{"line":17,"column":55}},{"start":{},"end":{}}],"line":17},"1":{"loc":{"start":{"line":26,"column":4},"end":{"line":26,"column":30}},"type":"if","locations":[{"start":{"line":26,"column":4},"end":{"line":26,"column":30}},{"start":{},"end":{}}],"line":26},"2":{"loc":{"start":{"line":29,"column":4},"end":{"line":29,"column":55}},"type":"if","locations":[{"start":{"line":29,"column":4},"end":{"line":29,"column":55}},{"start":{},"end":{}}],"line":29},"3":{"loc":{"start":{"line":38,"column":4},"end":{"line":38,"column":35}},"type":"if","locations":[{"start":{"line":38,"column":4},"end":{"line":38,"column":35}},{"start":{},"end":{}}],"line":38}},"s":{"0":1,"1":1,"2":1,"3":1,"4":11,"5":2,"6":1,"7":5,"8":5,"9":1,"10":4,"11":4,"12":4,"13":1,"14":1,"15":1,"16":0,"17":1,"18":1,"19":0,"20":1,"21":1,"22":1,"23":4,"24":4,"25":4,"26":0,"27":4,"28":4,"29":1},"f":{"0":1,"1":11,"2":2,"3":1,"4":5,"5":1,"6":1,"7":4,"8":4},"b":{"0":[1,4],"1":[0,1],"2":[0,1],"3":[0,4]},"_coverageSchema":"1a1c01bbd47fc00a2c39e90264f33305004495a9","hash":"62a693fa3d2112adfe02eb91fa46ac39753bde80"}
,"C:\\Users\\rezen\\Downloads\\Come-Mais-\\lanches.js": {"path":"C:\\Users\\rezen\\Downloads\\Come-Mais-\\lanches.js","statementMap":{"0":{"start":{"line":1,"column":0},"end":{"line":49,"column":5}},"1":{"start":{"line":2,"column":16},"end":{"line":9,"column":3}},"2":{"start":{"line":10,"column":18},"end":{"line":10,"column":19}},"3":{"start":{"line":13,"column":4},"end":{"line":13,"column":19}},"4":{"start":{"line":17,"column":17},"end":{"line":17,"column":42}},"5":{"start":{"line":18,"column":4},"end":{"line":18,"column":23}},"6":{"start":{"line":19,"column":4},"end":{"line":19,"column":16}},"7":{"start":{"line":23,"column":19},"end":{"line":23,"column":49}},"8":{"start":{"line":23,"column":37},"end":{"line":23,"column":48}},"9":{"start":{"line":24,"column":4},"end":{"line":24,"column":29}},"10":{"start":{"line":24,"column":17},"end":{"line":24,"column":29}},"11":{"start":{"line":25,"column":4},"end":{"line":25,"column":23}},"12":{"start":{"line":26,"column":4},"end":{"line":26,"column":18}},"13":{"start":{"line":30,"column":18},"end":{"line":30,"column":53}},"14":{"start":{"line":30,"column":41},"end":{"line":30,"column":52}},"15":{"start":{"line":31,"column":4},"end":{"line":31,"column":35}},"16":{"start":{"line":31,"column":22},"end":{"line":31,"column":35}},"17":{"start":{"line":32,"column":4},"end":{"line":32,"column":29}},"18":{"start":{"line":33,"column":4},"end":{"line":33,"column":16}},"19":{"start":{"line":37,"column":18},"end":{"line":37,"column":42}},"20":{"start":{"line":37,"column":35},"end":{"line":37,"column":41}},"21":{"start":{"line":38,"column":22},"end":{"line":38,"column":72}},"22":{"start":{"line":38,"column":50},"end":{"line":38,"column":71}},"23":{"start":{"line":39,"column":4},"end":{"line":39,"column":53}},"24":{"start":{"line":42,"column":2},"end":{"line":48,"column":4}}},"fnMap":{"0":{"name":"(anonymous_0)","decl":{"start":{"line":1,"column":18},"end":{"line":1,"column":19}},"loc":{"start":{"line":1,"column":24},"end":{"line":49,"column":1}},"line":1},"1":{"name":"listarLanches","decl":{"start":{"line":12,"column":11},"end":{"line":12,"column":24}},"loc":{"start":{"line":12,"column":27},"end":{"line":14,"column":3}},"line":12},"2":{"name":"adicionarLanche","decl":{"start":{"line":16,"column":11},"end":{"line":16,"column":26}},"loc":{"start":{"line":16,"column":33},"end":{"line":20,"column":3}},"line":16},"3":{"name":"atualizarLanche","decl":{"start":{"line":22,"column":11},"end":{"line":22,"column":26}},"loc":{"start":{"line":22,"column":37},"end":{"line":27,"column":3}},"line":22},"4":{"name":"(anonymous_4)","decl":{"start":{"line":23,"column":32},"end":{"line":23,"column":33}},"loc":{"start":{"line":23,"column":37},"end":{"line":23,"column":48}},"line":23},"5":{"name":"removerLanche","decl":{"start":{"line":29,"column":11},"end":{"line":29,"column":24}},"loc":{"start":{"line":29,"column":29},"end":{"line":34,"column":3}},"line":29},"6":{"name":"(anonymous_6)","decl":{"start":{"line":30,"column":36},"end":{"line":30,"column":37}},"loc":{"start":{"line":30,"column":41},"end":{"line":30,"column":52}},"line":30},"7":{"name":"validarLanchesSelecionados","decl":{"start":{"line":36,"column":11},"end":{"line":36,"column":37}},"loc":{"start":{"line":36,"column":52},"end":{"line":40,"column":3}},"line":36},"8":{"name":"(anonymous_8)","decl":{"start":{"line":37,"column":30},"end":{"line":37,"column":31}},"loc":{"start":{"line":37,"column":35},"end":{"line":37,"column":41}},"line":37},"9":{"name":"(anonymous_9)","decl":{"start":{"line":38,"column":42},"end":{"line":38,"column":43}},"loc":{"start":{"line":38,"column":50},"end":{"line":38,"column":71}},"line":38}},"branchMap":{"0":{"loc":{"start":{"line":24,"column":4},"end":{"line":24,"column":29}},"type":"if","locations":[{"start":{"line":24,"column":4},"end":{"line":24,"column":29}},{"start":{},"end":{}}],"line":24},"1":{"loc":{"start":{"line":31,"column":4},"end":{"line":31,"column":35}},"type":"if","locations":[{"start":{"line":31,"column":4},"end":{"line":31,"column":35}},{"start":{},"end":{}}],"line":31},"2":{"loc":{"start":{"line":39,"column":11},"end":{"line":39,"column":52}},"type":"cond-expr","locations":[{"start":{"line":39,"column":36},"end":{"line":39,"column":40}},{"start":{"line":39,"column":43},"end":{"line":39,"column":52}}],"line":39}},"s":{"0":2,"1":2,"2":2,"3":1,"4":3,"5":3,"6":3,"7":1,"8":8,"9":1,"10":0,"11":1,"12":1,"13":1,"14":9,"15":1,"16":0,"17":1,"18":1,"19":6,"20":36,"21":6,"22":7,"23":6,"24":2},"f":{"0":2,"1":1,"2":3,"3":1,"4":8,"5":1,"6":9,"7":6,"8":36,"9":7},"b":{"0":[0,1],"1":[0,1],"2":[5,1]},"_coverageSchema":"1a1c01bbd47fc00a2c39e90264f33305004495a9","hash":"cbee8eef1a410caf29215606a879227158ea9de3"}
}
