{"C:\\Users\\GABRIELMENEZESREHBEI\\Downloads\\Come-Mais-\\clientes.js": {"path":"C:\\Users\\GABRIELMENEZESREHBEI\\Downloads\\Come-Mais-\\clientes.js","statementMap":{"0":{"start":{"line":1,"column":16},"end":{"line":1,"column":36}},"1":{"start":{"line":3,"column":0},"end":{"line":50,"column":5}},"2":{"start":{"line":4,"column":17},"end":{"line":4,"column":19}},"3":{"start":{"line":5,"column":18},"end":{"line":5,"column":19}},"4":{"start":{"line":8,"column":4},"end":{"line":8,"column":20}},"5":{"start":{"line":12,"column":4},"end":{"line":12,"column":45}},"6":{"start":{"line":12,"column":32},"end":{"line":12,"column":43}},"7":{"start":{"line":16,"column":22},"end":{"line":16,"column":77}},"8":{"start":{"line":17,"column":4},"end":{"line":17,"column":55}},"9":{"start":{"line":17,"column":28},"end":{"line":17,"column":55}},"10":{"start":{"line":19,"column":17},"end":{"line":19,"column":72}},"11":{"start":{"line":20,"column":4},"end":{"line":20,"column":24}},"12":{"start":{"line":21,"column":4},"end":{"line":21,"column":16}},"13":{"start":{"line":25,"column":20},"end":{"line":25,"column":53}},"14":{"start":{"line":25,"column":41},"end":{"line":25,"column":52}},"15":{"start":{"line":26,"column":4},"end":{"line":26,"column":30}},"16":{"start":{"line":26,"column":18},"end":{"line":26,"column":30}},"17":{"start":{"line":28,"column":22},"end":{"line":28,"column":77}},"18":{"start":{"line":29,"column":4},"end":{"line":29,"column":55}},"19":{"start":{"line":29,"column":28},"end":{"line":29,"column":55}},"20":{"start":{"line":31,"column":4},"end":{"line":31,"column":24}},"21":{"start":{"line":32,"column":4},"end":{"line":32,"column":42}},"22":{"start":{"line":33,"column":4},"end":{"line":33,"column":19}},"23":{"start":{"line":37,"column":18},"end":{"line":37,"column":56}},"24":{"start":{"line":37,"column":44},"end":{"line":37,"column":55}},"25":{"start":{"line":38,"column":4},"end":{"line":38,"column":35}},"26":{"start":{"line":38,"column":22},"end":{"line":38,"column":35}},"27":{"start":{"line":39,"column":4},"end":{"line":39,"column":30}},"28":{"start":{"line":40,"column":4},"end":{"line":40,"column":16}},"29":{"start":{"line":43,"column":2},"end":{"line":49,"column":4}}},"fnMap":{"0":{"name":"(anonymous_0)","decl":{"start":{"line":3,"column":18},"end":{"line":3,"column":19}},"loc":{"start":{"line":3,"column":24},"end":{"line":50,"column":1}},"line":3},"1":{"name":"listarClientes","decl":{"start":{"line":7,"column":11},"end":{"line":7,"column":25}},"loc":{"start":{"line":7,"column":28},"end":{"line":9,"column":3}},"line":7},"2":{"name":"buscarClientePorId","decl":{"start":{"line":11,"column":11},"end":{"line":11,"column":29}},"loc":{"start":{"line":11,"column":34},"end":{"line":13,"column":3}},"line":11},"3":{"name":"(anonymous_3)","decl":{"start":{"line":12,"column":25},"end":{"line":12,"column":26}},"loc":{"start":{"line":12,"column":32},"end":{"line":12,"column":43}},"line":12},"4":{"name":"adicionarCliente","decl":{"start":{"line":15,"column":11},"end":{"line":15,"column":27}},"loc":{"start":{"line":15,"column":55},"end":{"line":22,"column":3}},"line":15},"5":{"name":"atualizarCliente","decl":{"start":{"line":24,"column":11},"end":{"line":24,"column":27}},"loc":{"start":{"line":24,"column":59},"end":{"line":34,"column":3}},"line":24},"6":{"name":"(anonymous_6)","decl":{"start":{"line":25,"column":34},"end":{"line":25,"column":35}},"loc":{"start":{"line":25,"column":41},"end":{"line":25,"column":52}},"line":25},"7":{"name":"removerCliente","decl":{"start":{"line":36,"column":11},"end":{"line":36,"column":25}},"loc":{"start":{"line":36,"column":30},"end":{"line":41,"column":3}},"line":36},"8":{"name":"(anonymous_8)","decl":{"start":{"line":37,"column":37},"end":{"line":37,"column":38}},"loc":{"start":{"line":37,"column":44},"end":{"line":37,"column":55}},"line":37}},"branchMap":{"0":{"loc":{"start":{"line":17,"column":4},"end":{"line":17,"column":55}},"type":"if","locations":[{"start":{"line":17,"column":4},"end":{"line":17,"column":55}},{"start":{},"end":{}}],"line":17},"1":{"loc":{"start":{"line":26,"column":4},"end":{"line":26,"column":30}},"type":"if","locations":[{"start":{"line":26,"column":4},"end":{"line":26,"column":30}},{"start":{},"end":{}}],"line":26},"2":{"loc":{"start":{"line":29,"column":4},"end":{"line":29,"column":55}},"type":"if","locations":[{"start":{"line":29,"column":4},"end":{"line":29,"column":55}},{"start":{},"end":{}}],"line":29},"3":{"loc":{"start":{"line":38,"column":4},"end":{"line":38,"column":35}},"type":"if","locations":[{"start":{"line":38,"column":4},"end":{"line":38,"column":35}},{"start":{},"end":{}}],"line":38}},"s":{"0":1,"1":1,"2":1,"3":1,"4":11,"5":2,"6":1,"7":5,"8":5,"9":1,"10":4,"11":4,"12":4,"13":1,"14":1,"15":1,"16":0,"17":1,"18":1,"19":0,"20":1,"21":1,"22":1,"23":4,"24":4,"25":4,"26":0,"27":4,"28":4,"29":1},"f":{"0":1,"1":11,"2":2,"3":1,"4":5,"5":1,"6":1,"7":4,"8":4},"b":{"0":[1,4],"1":[0,1],"2":[0,1],"3":[0,4]},"_coverageSchema":"1a1c01bbd47fc00a2c39e90264f33305004495a9","hash":"8b1b085a4cd8b8b458ce16fda1d31c71f666cf0b"}
,"C:\\Users\\GABRIELMENEZESREHBEI\\Downloads\\Come-Mais-\\lanches.js": {"path":"C:\\Users\\GABRIELMENEZESREHBEI\\Downloads\\Come-Mais-\\lanches.js","statementMap":{"0":{"start":{"line":1,"column":24},"end":{"line":1,"column":61}},"1":{"start":{"line":2,"column":31},"end":{"line":2,"column":68}},"2":{"start":{"line":4,"column":0},"end":{"line":63,"column":5}},"3":{"start":{"line":5,"column":16},"end":{"line":12,"column":3}},"4":{"start":{"line":13,"column":18},"end":{"line":13,"column":19}},"5":{"start":{"line":15,"column":26},"end":{"line":15,"column":47}},"6":{"start":{"line":16,"column":2},"end":{"line":16,"column":54}},"7":{"start":{"line":19,"column":4},"end":{"line":19,"column":19}},"8":{"start":{"line":23,"column":4},"end":{"line":23,"column":36}},"9":{"start":{"line":23,"column":28},"end":{"line":23,"column":34}},"10":{"start":{"line":27,"column":17},"end":{"line":27,"column":42}},"11":{"start":{"line":28,"column":4},"end":{"line":28,"column":23}},"12":{"start":{"line":29,"column":4},"end":{"line":29,"column":57}},"13":{"start":{"line":30,"column":4},"end":{"line":30,"column":16}},"14":{"start":{"line":34,"column":19},"end":{"line":34,"column":49}},"15":{"start":{"line":34,"column":37},"end":{"line":34,"column":48}},"16":{"start":{"line":35,"column":4},"end":{"line":35,"column":29}},"17":{"start":{"line":35,"column":17},"end":{"line":35,"column":29}},"18":{"start":{"line":36,"column":4},"end":{"line":36,"column":23}},"19":{"start":{"line":37,"column":4},"end":{"line":37,"column":59}},"20":{"start":{"line":38,"column":4},"end":{"line":38,"column":18}},"21":{"start":{"line":42,"column":18},"end":{"line":42,"column":53}},"22":{"start":{"line":42,"column":41},"end":{"line":42,"column":52}},"23":{"start":{"line":43,"column":4},"end":{"line":43,"column":35}},"24":{"start":{"line":43,"column":22},"end":{"line":43,"column":35}},"25":{"start":{"line":44,"column":21},"end":{"line":44,"column":48}},"26":{"start":{"line":45,"column":4},"end":{"line":45,"column":59}},"27":{"start":{"line":46,"column":4},"end":{"line":46,"column":16}},"28":{"start":{"line":50,"column":18},"end":{"line":50,"column":38}},"29":{"start":{"line":51,"column":22},"end":{"line":51,"column":72}},"30":{"start":{"line":51,"column":50},"end":{"line":51,"column":71}},"31":{"start":{"line":52,"column":4},"end":{"line":52,"column":53}},"32":{"start":{"line":55,"column":2},"end":{"line":62,"column":4}}},"fnMap":{"0":{"name":"(anonymous_0)","decl":{"start":{"line":4,"column":18},"end":{"line":4,"column":19}},"loc":{"start":{"line":4,"column":24},"end":{"line":63,"column":1}},"line":4},"1":{"name":"listarLanches","decl":{"start":{"line":18,"column":11},"end":{"line":18,"column":24}},"loc":{"start":{"line":18,"column":27},"end":{"line":20,"column":3}},"line":18},"2":{"name":"listarNomesLanches","decl":{"start":{"line":22,"column":11},"end":{"line":22,"column":29}},"loc":{"start":{"line":22,"column":32},"end":{"line":24,"column":3}},"line":22},"3":{"name":"(anonymous_3)","decl":{"start":{"line":23,"column":23},"end":{"line":23,"column":24}},"loc":{"start":{"line":23,"column":28},"end":{"line":23,"column":34}},"line":23},"4":{"name":"adicionarLanche","decl":{"start":{"line":26,"column":11},"end":{"line":26,"column":26}},"loc":{"start":{"line":26,"column":33},"end":{"line":31,"column":3}},"line":26},"5":{"name":"atualizarLanche","decl":{"start":{"line":33,"column":11},"end":{"line":33,"column":26}},"loc":{"start":{"line":33,"column":37},"end":{"line":39,"column":3}},"line":33},"6":{"name":"(anonymous_6)","decl":{"start":{"line":34,"column":32},"end":{"line":34,"column":33}},"loc":{"start":{"line":34,"column":37},"end":{"line":34,"column":48}},"line":34},"7":{"name":"removerLanche","decl":{"start":{"line":41,"column":11},"end":{"line":41,"column":24}},"loc":{"start":{"line":41,"column":29},"end":{"line":47,"column":3}},"line":41},"8":{"name":"(anonymous_8)","decl":{"start":{"line":42,"column":36},"end":{"line":42,"column":37}},"loc":{"start":{"line":42,"column":41},"end":{"line":42,"column":52}},"line":42},"9":{"name":"validarLanchesSelecionados","decl":{"start":{"line":49,"column":11},"end":{"line":49,"column":37}},"loc":{"start":{"line":49,"column":52},"end":{"line":53,"column":3}},"line":49},"10":{"name":"(anonymous_10)","decl":{"start":{"line":51,"column":42},"end":{"line":51,"column":43}},"loc":{"start":{"line":51,"column":50},"end":{"line":51,"column":71}},"line":51}},"branchMap":{"0":{"loc":{"start":{"line":35,"column":4},"end":{"line":35,"column":29}},"type":"if","locations":[{"start":{"line":35,"column":4},"end":{"line":35,"column":29}},{"start":{},"end":{}}],"line":35},"1":{"loc":{"start":{"line":43,"column":4},"end":{"line":43,"column":35}},"type":"if","locations":[{"start":{"line":43,"column":4},"end":{"line":43,"column":35}},{"start":{},"end":{}}],"line":43},"2":{"loc":{"start":{"line":52,"column":11},"end":{"line":52,"column":52}},"type":"cond-expr","locations":[{"start":{"line":52,"column":36},"end":{"line":52,"column":40}},{"start":{"line":52,"column":43},"end":{"line":52,"column":52}}],"line":52}},"s":{"0":2,"1":2,"2":2,"3":2,"4":2,"5":2,"6":2,"7":1,"8":6,"9":36,"10":3,"11":3,"12":3,"13":3,"14":1,"15":8,"16":1,"17":0,"18":1,"19":1,"20":1,"21":1,"22":9,"23":1,"24":0,"25":1,"26":1,"27":1,"28":6,"29":6,"30":7,"31":6,"32":2},"f":{"0":2,"1":1,"2":6,"3":36,"4":3,"5":1,"6":8,"7":1,"8":9,"9":6,"10":7},"b":{"0":[0,1],"1":[0,1],"2":[5,1]},"_coverageSchema":"1a1c01bbd47fc00a2c39e90264f33305004495a9","hash":"1df53445527de12e6ac6792a3625b76e85630b8f"}
,"C:\\Users\\GABRIELMENEZESREHBEI\\Downloads\\Come-Mais-\\observer\\clienteObserver.js": {"path":"C:\\Users\\GABRIELMENEZESREHBEI\\Downloads\\Come-Mais-\\observer\\clienteObserver.js","statementMap":{"0":{"start":{"line":4,"column":6},"end":{"line":4,"column":67}},"1":{"start":{"line":10,"column":6},"end":{"line":10,"column":72}},"2":{"start":{"line":14,"column":2},"end":{"line":14,"column":59}}},"fnMap":{"0":{"name":"(anonymous_0)","decl":{"start":{"line":2,"column":4},"end":{"line":2,"column":5}},"loc":{"start":{"line":2,"column":31},"end":{"line":5,"column":5}},"line":2},"1":{"name":"(anonymous_1)","decl":{"start":{"line":9,"column":4},"end":{"line":9,"column":5}},"loc":{"start":{"line":9,"column":31},"end":{"line":11,"column":5}},"line":9}},"branchMap":{},"s":{"0":0,"1":5,"2":2},"f":{"0":0,"1":5},"b":{},"_coverageSchema":"1a1c01bbd47fc00a2c39e90264f33305004495a9","hash":"ac401852a949b4adcefc6e130430c7df24d9a817"}
,"C:\\Users\\GABRIELMENEZESREHBEI\\Downloads\\Come-Mais-\\observer\\observerManager.js": {"path":"C:\\Users\\GABRIELMENEZESREHBEI\\Downloads\\Come-Mais-\\observer\\observerManager.js","statementMap":{"0":{"start":{"line":3,"column":6},"end":{"line":3,"column":26}},"1":{"start":{"line":7,"column":6},"end":{"line":7,"column":36}},"2":{"start":{"line":11,"column":6},"end":{"line":11,"column":78}},"3":{"start":{"line":11,"column":41},"end":{"line":11,"column":76}},"4":{"start":{"line":15,"column":2},"end":{"line":15,"column":35}}},"fnMap":{"0":{"name":"(anonymous_0)","decl":{"start":{"line":2,"column":4},"end":{"line":2,"column":5}},"loc":{"start":{"line":2,"column":18},"end":{"line":4,"column":5}},"line":2},"1":{"name":"(anonymous_1)","decl":{"start":{"line":6,"column":4},"end":{"line":6,"column":5}},"loc":{"start":{"line":6,"column":24},"end":{"line":8,"column":5}},"line":6},"2":{"name":"(anonymous_2)","decl":{"start":{"line":10,"column":4},"end":{"line":10,"column":5}},"loc":{"start":{"line":10,"column":31},"end":{"line":12,"column":5}},"line":10},"3":{"name":"(anonymous_3)","decl":{"start":{"line":11,"column":29},"end":{"line":11,"column":30}},"loc":{"start":{"line":11,"column":41},"end":{"line":11,"column":76}},"line":11}},"branchMap":{},"s":{"0":2,"1":2,"2":5,"3":5,"4":2},"f":{"0":2,"1":2,"2":5,"3":5},"b":{},"_coverageSchema":"1a1c01bbd47fc00a2c39e90264f33305004495a9","hash":"1410e613ccc5cf426e4b3c08b95dac7ec5af9b85"}
}
