TN:
SF:clientes.js
FN:8,listarClientes
FN:12,buscarClientePorId
FN:13,(anonymous_2)
FN:16,adicionarCliente
FN:25,atualizarCliente
FN:26,(anonymous_5)
FN:37,removerCliente
FN:38,(anonymous_7)
FNF:8
FNH:8
FNDA:11,listarClientes
FNDA:2,buscarClientePorId
FNDA:1,(anonymous_2)
FNDA:5,adicionarCliente
FNDA:1,atualizarCliente
FNDA:1,(anonymous_5)
FNDA:4,removerCliente
FNDA:4,(anonymous_7)
DA:3,1
DA:5,1
DA:6,1
DA:9,11
DA:13,2
DA:17,5
DA:18,5
DA:20,4
DA:21,4
DA:22,4
DA:26,1
DA:27,1
DA:29,1
DA:30,1
DA:32,1
DA:33,1
DA:34,1
DA:38,4
DA:39,4
DA:40,4
DA:41,4
DA:44,1
LF:22
LH:22
BRDA:18,0,0,1
BRDA:18,0,1,4
BRDA:27,1,0,0
BRDA:27,1,1,1
BRDA:30,2,0,0
BRDA:30,2,1,1
BRDA:39,3,0,0
BRDA:39,3,1,4
BRF:8
BRH:5
end_of_record
TN:
SF:lanches.js
FN:11,listarLanches
FN:15,adicionarLanche
FN:21,atualizarLanche
FN:22,(anonymous_3)
FN:28,removerLanche
FN:29,(anonymous_5)
FN:35,validarLanchesSelecionados
FN:36,(anonymous_7)
FN:37,(anonymous_8)
FNF:9
FNH:9
FNDA:1,listarLanches
FNDA:3,adicionarLanche
FNDA:1,atualizarLanche
FNDA:8,(anonymous_3)
FNDA:1,removerLanche
FNDA:9,(anonymous_5)
FNDA:6,validarLanchesSelecionados
FNDA:36,(anonymous_7)
FNDA:7,(anonymous_8)
DA:1,2
DA:9,2
DA:12,1
DA:16,3
DA:17,3
DA:18,3
DA:22,8
DA:23,1
DA:24,1
DA:25,1
DA:29,9
DA:30,1
DA:31,1
DA:32,1
DA:36,36
DA:37,7
DA:38,6
DA:41,2
LF:18
LH:18
BRDA:23,0,0,0
BRDA:23,0,1,1
BRDA:30,1,0,0
BRDA:30,1,1,1
BRDA:38,2,0,5
BRDA:38,2,1,1
BRF:6
BRH:4
end_of_record
