TN:
SF:clientes.js
FN:3,(anonymous_0)
FN:7,listarClientes
FN:11,buscarClientePorId
FN:12,(anonymous_3)
FN:15,adicionarCliente
FN:24,atualizarCliente
FN:25,(anonymous_6)
FN:36,removerCliente
FN:37,(anonymous_8)
FNF:9
FNH:9
FNDA:1,(anonymous_0)
FNDA:11,listarClientes
FNDA:2,buscarClientePorId
FNDA:1,(anonymous_3)
FNDA:5,adicionarCliente
FNDA:1,atualizarCliente
FNDA:1,(anonymous_6)
FNDA:4,removerCliente
FNDA:4,(anonymous_8)
DA:1,1
DA:3,1
DA:4,1
DA:5,1
DA:8,11
DA:12,2
DA:16,5
DA:17,5
DA:19,4
DA:20,4
DA:21,4
DA:25,1
DA:26,1
DA:28,1
DA:29,1
DA:31,1
DA:32,1
DA:33,1
DA:37,4
DA:38,4
DA:39,4
DA:40,4
DA:43,1
LF:23
LH:23
BRDA:17,0,0,1
BRDA:17,0,1,4
BRDA:26,1,0,0
BRDA:26,1,1,1
BRDA:29,2,0,0
BRDA:29,2,1,1
BRDA:38,3,0,0
BRDA:38,3,1,4
BRF:8
BRH:5
end_of_record
TN:
SF:lanches.js
FN:4,(anonymous_0)
FN:18,listarLanches
FN:22,listarNomesLanches
FN:23,(anonymous_3)
FN:26,adicionarLanche
FN:33,atualizarLanche
FN:34,(anonymous_6)
FN:41,removerLanche
FN:42,(anonymous_8)
FN:49,validarLanchesSelecionados
FN:51,(anonymous_10)
FNF:11
FNH:11
FNDA:2,(anonymous_0)
FNDA:1,listarLanches
FNDA:6,listarNomesLanches
FNDA:36,(anonymous_3)
FNDA:3,adicionarLanche
FNDA:1,atualizarLanche
FNDA:8,(anonymous_6)
FNDA:1,removerLanche
FNDA:9,(anonymous_8)
FNDA:6,validarLanchesSelecionados
FNDA:7,(anonymous_10)
DA:1,2
DA:2,2
DA:4,2
DA:5,2
DA:13,2
DA:15,2
DA:16,2
DA:19,1
DA:23,36
DA:27,3
DA:28,3
DA:29,3
DA:30,3
DA:34,8
DA:35,1
DA:36,1
DA:37,1
DA:38,1
DA:42,9
DA:43,1
DA:44,1
DA:45,1
DA:46,1
DA:50,6
DA:51,7
DA:52,6
DA:55,2
LF:27
LH:27
BRDA:35,0,0,0
BRDA:35,0,1,1
BRDA:43,1,0,0
BRDA:43,1,1,1
BRDA:52,2,0,5
BRDA:52,2,1,1
BRF:6
BRH:4
end_of_record
TN:
SF:observer\clienteObserver.js
FN:2,(anonymous_0)
FN:9,(anonymous_1)
FNF:2
FNH:1
FNDA:0,(anonymous_0)
FNDA:5,(anonymous_1)
DA:4,0
DA:10,5
DA:14,2
LF:3
LH:2
BRF:0
BRH:0
end_of_record
TN:
SF:observer\observerManager.js
FN:2,(anonymous_0)
FN:6,(anonymous_1)
FN:10,(anonymous_2)
FN:11,(anonymous_3)
FNF:4
FNH:4
FNDA:2,(anonymous_0)
FNDA:2,(anonymous_1)
FNDA:5,(anonymous_2)
FNDA:5,(anonymous_3)
DA:3,2
DA:7,2
DA:11,5
DA:15,2
LF:4
LH:4
BRF:0
BRH:0
end_of_record
